::1 - - [28/Jan/2024:00:02:00 +0200] "GET / HTTP/1.1" 200 355
::1 - - [28/Jan/2024:00:02:00 +0200] "GET /favicon.ico HTTP/1.1" 404 304
::1 - - [28/Jan/2024:11:37:34 +0200] "GET / HTTP/1.1" 200 355
::1 - - [28/Jan/2024:11:37:34 +0200] "GET /favicon.ico HTTP/1.1" 404 304
::1 - - [28/Jan/2024:11:50:57 +0200] "GET /phpmyadmin HTTP/1.1" 301 335
::1 - - [28/Jan/2024:11:50:57 +0200] "GET /phpmyadmin/ HTTP/1.1" 200 3805
::1 - - [28/Jan/2024:11:51:02 +0200] "GET /phpmyadmin/themes/pmahomme/jquery/jquery-ui.css HTTP/1.1" 200 36566
::1 - - [28/Jan/2024:11:51:02 +0200] "GET /phpmyadmin/js/vendor/codemirror/lib/codemirror.css?v=5.2.1 HTTP/1.1" 200 8720
::1 - - [28/Jan/2024:11:51:02 +0200] "GET /phpmyadmin/js/vendor/jquery/jquery-migrate.min.js?v=5.2.1 HTTP/1.1" 200 13467
::1 - - [28/Jan/2024:11:51:02 +0200] "GET /phpmyadmin/js/vendor/jquery/jquery.min.js?v=5.2.1 HTTP/1.1" 200 89947
::1 - - [28/Jan/2024:11:51:02 +0200] "GET /phpmyadmin/themes/pmahomme/css/theme.css?v=5.2.1 HTTP/1.1" 200 357367
::1 - - [28/Jan/2024:11:51:02 +0200] "GET /phpmyadmin/js/vendor/sprintf.js?v=5.2.1 HTTP/1.1" 200 7409
::1 - - [28/Jan/2024:11:51:02 +0200] "GET /phpmyadmin/js/dist/ajax.js?v=5.2.1 HTTP/1.1" 200 29948
::1 - - [28/Jan/2024:11:51:02 +0200] "GET /phpmyadmin/js/dist/keyhandler.js?v=5.2.1 HTTP/1.1" 200 2059
::1 - - [28/Jan/2024:11:51:02 +0200] "GET /phpmyadmin/js/vendor/codemirror/addon/hint/show-hint.css?v=5.2.1 HTTP/1.1" 200 649
::1 - - [28/Jan/2024:11:51:02 +0200] "GET /phpmyadmin/js/vendor/jquery/jquery-ui.min.js?v=5.2.1 HTTP/1.1" 200 255084
::1 - - [28/Jan/2024:11:51:02 +0200] "GET /phpmyadmin/js/vendor/bootstrap/bootstrap.bundle.min.js?v=5.2.1 HTTP/1.1" 200 80420
::1 - - [28/Jan/2024:11:51:02 +0200] "GET /phpmyadmin/js/vendor/codemirror/addon/lint/lint.css?v=5.2.1 HTTP/1.1" 200 3035
::1 - - [28/Jan/2024:11:51:02 +0200] "GET /phpmyadmin/js/vendor/jquery/jquery.validate.min.js?v=5.2.1 HTTP/1.1" 200 24601
::1 - - [28/Jan/2024:11:51:02 +0200] "GET /phpmyadmin/js/dist/menu_resizer.js?v=5.2.1 HTTP/1.1" 200 5729
::1 - - [28/Jan/2024:11:51:02 +0200] "GET /phpmyadmin/js/vendor/js.cookie.js?v=5.2.1 HTTP/1.1" 200 3883
::1 - - [28/Jan/2024:11:51:02 +0200] "GET /phpmyadmin/js/dist/cross_framing_protection.js?v=5.2.1 HTTP/1.1" 200 405
::1 - - [28/Jan/2024:11:51:02 +0200] "GET /phpmyadmin/js/vendor/jquery/jquery.debounce-1.0.6.js?v=5.2.1 HTTP/1.1" 200 1608
::1 - - [28/Jan/2024:11:51:02 +0200] "GET /phpmyadmin/js/dist/name-conflict-fixes.js?v=5.2.1 HTTP/1.1" 200 43
::1 - - [28/Jan/2024:11:51:02 +0200] "GET /phpmyadmin/js/vendor/jquery/jquery-ui-timepicker-addon.js?v=5.2.1 HTTP/1.1" 200 78475
::1 - - [28/Jan/2024:11:51:02 +0200] "GET /phpmyadmin/js/dist/config.js?v=5.2.1 HTTP/1.1" 200 24059
::1 - - [28/Jan/2024:11:51:02 +0200] "GET /phpmyadmin/js/dist/doclinks.js?v=5.2.1 HTTP/1.1" 200 18276
::1 - - [28/Jan/2024:11:51:02 +0200] "GET /phpmyadmin/js/dist/navigation.js?v=5.2.1 HTTP/1.1" 200 51830
::1 - - [28/Jan/2024:11:51:02 +0200] "GET /phpmyadmin/js/dist/functions.js?v=5.2.1 HTTP/1.1" 200 148069
::1 - - [28/Jan/2024:11:51:02 +0200] "GET /phpmyadmin/js/dist/indexes.js?v=5.2.1 HTTP/1.1" 200 26962
::1 - - [28/Jan/2024:11:51:02 +0200] "GET /phpmyadmin/js/dist/common.js?v=5.2.1 HTTP/1.1" 200 4530
::1 - - [28/Jan/2024:11:51:02 +0200] "GET /phpmyadmin/js/dist/page_settings.js?v=5.2.1 HTTP/1.1" 200 1818
::1 - - [28/Jan/2024:11:51:02 +0200] "GET /phpmyadmin/js/vendor/codemirror/addon/hint/sql-hint.js?v=5.2.1 HTTP/1.1" 200 9560
::1 - - [28/Jan/2024:11:51:02 +0200] "GET /phpmyadmin/js/vendor/codemirror/lib/codemirror.js?v=5.2.1 HTTP/1.1" 200 401653
::1 - - [28/Jan/2024:11:51:02 +0200] "GET /phpmyadmin/js/vendor/codemirror/addon/lint/lint.js?v=5.2.1 HTTP/1.1" 200 9987
::1 - - [28/Jan/2024:11:51:02 +0200] "GET /phpmyadmin/js/vendor/codemirror/addon/runmode/runmode.js?v=5.2.1 HTTP/1.1" 200 2777
::1 - - [28/Jan/2024:11:51:02 +0200] "GET /phpmyadmin/js/vendor/codemirror/addon/hint/show-hint.js?v=5.2.1 HTTP/1.1" 200 19792
::1 - - [28/Jan/2024:11:51:02 +0200] "GET /phpmyadmin/js/vendor/codemirror/mode/sql/sql.js?v=5.2.1 HTTP/1.1" 200 59564
::1 - - [28/Jan/2024:11:51:02 +0200] "GET /phpmyadmin/js/dist/codemirror/addon/lint/sql-lint.js?v=5.2.1 HTTP/1.1" 200 940
::1 - - [28/Jan/2024:11:51:02 +0200] "GET /phpmyadmin/js/vendor/tracekit.js?v=5.2.1 HTTP/1.1" 200 47128
::1 - - [28/Jan/2024:11:51:02 +0200] "GET /phpmyadmin/js/dist/error_report.js?v=5.2.1 HTTP/1.1" 200 9264
::1 - - [28/Jan/2024:11:51:02 +0200] "GET /phpmyadmin/js/dist/drag_drop_import.js?v=5.2.1 HTTP/1.1" 200 12431
::1 - - [28/Jan/2024:11:51:02 +0200] "GET /phpmyadmin/js/dist/shortcuts_handler.js?v=5.2.1 HTTP/1.1" 200 3303
::1 - - [28/Jan/2024:11:51:02 +0200] "GET /phpmyadmin/js/dist/console.js?v=5.2.1 HTTP/1.1" 200 49548
::1 - - [28/Jan/2024:11:51:02 +0200] "GET /phpmyadmin/themes/dot.gif HTTP/1.1" 200 43
::1 - - [28/Jan/2024:11:51:02 +0200] "GET /phpmyadmin/js/messages.php?l=ru&v=5.2.1&lang=ru HTTP/1.1" 200 12854
::1 - - [28/Jan/2024:11:51:02 +0200] "GET /phpmyadmin/themes/pmahomme/img/b_help.png HTTP/1.1" 200 705
::1 - - [28/Jan/2024:11:51:02 +0200] "GET /phpmyadmin/themes/pmahomme/img/s_error.png HTTP/1.1" 200 614
::1 - - [28/Jan/2024:11:51:02 +0200] "GET /phpmyadmin/favicon.ico HTTP/1.1" 200 22486
::1 - - [29/Jan/2024:21:12:59 +0200] "GET / HTTP/1.1" 200 586
::1 - - [29/Jan/2024:21:12:59 +0200] "GET /favicon.ico HTTP/1.1" 404 304
::1 - - [29/Jan/2024:21:13:38 +0200] "GET / HTTP/1.1" 200 586
::1 - - [29/Jan/2024:21:13:40 +0200] "GET / HTTP/1.1" 200 586
::1 - - [29/Jan/2024:21:14:35 +0200] "GET / HTTP/1.1" 200 362
::1 - - [29/Jan/2024:21:21:57 +0200] "GET / HTTP/1.1" 200 175
::1 - - [29/Jan/2024:21:22:13 +0200] "GET / HTTP/1.1" 200 175
::1 - - [29/Jan/2024:21:23:27 +0200] "GET / HTTP/1.1" 200 3815
::1 - - [29/Jan/2024:21:24:14 +0200] "GET / HTTP/1.1" 200 3805
::1 - - [29/Jan/2024:21:25:03 +0200] "GET / HTTP/1.1" 200 3805
::1 - - [29/Jan/2024:21:25:04 +0200] "GET / HTTP/1.1" 200 3805
::1 - - [29/Jan/2024:21:25:06 +0200] "GET / HTTP/1.1" 200 3805
::1 - - [29/Jan/2024:21:25:23 +0200] "GET / HTTP/1.1" 200 3815
::1 - - [29/Jan/2024:21:46:47 +0200] "GET / HTTP/1.1" 200 3466
::1 - - [29/Jan/2024:21:47:38 +0200] "GET / HTTP/1.1" 200 3597
::1 - - [29/Jan/2024:21:47:40 +0200] "GET / HTTP/1.1" 200 3597
::1 - - [29/Jan/2024:21:47:42 +0200] "GET / HTTP/1.1" 200 3597
::1 - - [29/Jan/2024:21:49:19 +0200] "GET / HTTP/1.1" 200 3480
::1 - - [29/Jan/2024:21:49:21 +0200] "GET / HTTP/1.1" 200 3480
::1 - - [29/Jan/2024:21:51:59 +0200] "GET / HTTP/1.1" 200 24
::1 - - [29/Jan/2024:22:04:07 +0200] "GET / HTTP/1.1" 200 152
::1 - - [29/Jan/2024:22:04:58 +0200] "GET / HTTP/1.1" 200 152
::1 - - [29/Jan/2024:22:05:44 +0200] "GET / HTTP/1.1" 200 30
::1 - - [29/Jan/2024:22:06:50 +0200] "GET / HTTP/1.1" 200 30
::1 - - [29/Jan/2024:22:06:52 +0200] "GET / HTTP/1.1" 200 30
::1 - - [29/Jan/2024:22:06:57 +0200] "GET / HTTP/1.1" 200 24
::1 - - [29/Jan/2024:22:10:35 +0200] "GET / HTTP/1.1" 200 48
::1 - - [29/Jan/2024:22:21:13 +0200] "GET / HTTP/1.1" 200 107
::1 - - [29/Jan/2024:22:22:40 +0200] "GET / HTTP/1.1" 200 107
::1 - - [29/Jan/2024:22:22:45 +0200] "GET / HTTP/1.1" 200 111
::1 - - [03/Feb/2024:12:40:44 +0200] "GET / HTTP/1.1" 200 111
::1 - - [03/Feb/2024:12:40:45 +0200] "GET /favicon.ico HTTP/1.1" 404 304
