[Mon Jan 29 21:12:59.762597 2024] [php:error] [pid 10504:tid 1868] [client ::1:47998] PHP Fatal error:  Uncaught Error: Undefined constant "hello" in D:\\\xd1\x88\xd0\xb0\xd0\xb3\\PHP\\VS_CODE\\HW_PHP\\index.php:9\nStack trace:\n#0 {main}\n  thrown in D:\\\xd1\x88\xd0\xb0\xd0\xb3\\PHP\\VS_CODE\\HW_PHP\\index.php on line 9
[Mon Jan 29 21:13:38.379691 2024] [php:error] [pid 10504:tid 1860] [client ::1:48006] PHP Fatal error:  Uncaught Error: Undefined constant "hello" in D:\\\xd1\x88\xd0\xb0\xd0\xb3\\PHP\\VS_CODE\\HW_PHP\\index.php:9\nStack trace:\n#0 {main}\n  thrown in D:\\\xd1\x88\xd0\xb0\xd0\xb3\\PHP\\VS_CODE\\HW_PHP\\index.php on line 9
[Mon Jan 29 21:13:40.920797 2024] [php:error] [pid 10504:tid 1860] [client ::1:48009] PHP Fatal error:  Uncaught Error: Undefined constant "hello" in D:\\\xd1\x88\xd0\xb0\xd0\xb3\\PHP\\VS_CODE\\HW_PHP\\index.php:9\nStack trace:\n#0 {main}\n  thrown in D:\\\xd1\x88\xd0\xb0\xd0\xb3\\PHP\\VS_CODE\\HW_PHP\\index.php on line 9
[Mon Jan 29 21:21:57.225627 2024] [php:error] [pid 10504:tid 1868] [client ::1:48061] PHP Parse error:  syntax error, unexpected variable "$i", expecting ";" in D:\\\xd1\x88\xd0\xb0\xd0\xb3\\PHP\\VS_CODE\\HW_PHP\\index.php on line 11
[Mon Jan 29 21:22:13.642217 2024] [php:error] [pid 10504:tid 1868] [client ::1:48069] PHP Parse error:  syntax error, unexpected variable "$i", expecting ";" in D:\\\xd1\x88\xd0\xb0\xd0\xb3\\PHP\\VS_CODE\\HW_PHP\\index.php on line 11
[Mon Jan 29 21:47:38.575860 2024] [php:warn] [pid 10504:tid 1860] [client ::1:48223] PHP Warning:  Undefined variable $a in D:\\\xd1\x88\xd0\xb0\xd0\xb3\\PHP\\VS_CODE\\HW_PHP\\index.php on line 13
[Mon Jan 29 21:47:40.462416 2024] [php:warn] [pid 10504:tid 1860] [client ::1:48223] PHP Warning:  Undefined variable $a in D:\\\xd1\x88\xd0\xb0\xd0\xb3\\PHP\\VS_CODE\\HW_PHP\\index.php on line 13
[Mon Jan 29 21:47:42.479865 2024] [php:warn] [pid 10504:tid 1860] [client ::1:48225] PHP Warning:  Undefined variable $a in D:\\\xd1\x88\xd0\xb0\xd0\xb3\\PHP\\VS_CODE\\HW_PHP\\index.php on line 13
[Mon Jan 29 22:04:07.993252 2024] [php:error] [pid 10504:tid 1868] [client ::1:48283] PHP Parse error:  syntax error, unexpected variable "$str1" in D:\\\xd1\x88\xd0\xb0\xd0\xb3\\PHP\\VS_CODE\\HW_PHP\\index.php on line 6
[Mon Jan 29 22:04:58.693061 2024] [php:error] [pid 10504:tid 1868] [client ::1:48287] PHP Parse error:  syntax error, unexpected variable "$str1" in D:\\\xd1\x88\xd0\xb0\xd0\xb3\\PHP\\VS_CODE\\HW_PHP\\index.php on line 6
[Fri Feb 09 20:19:51.757006 2024] [php:warn] [pid 9692:tid 1896] [client ::1:50407] PHP Warning:  include(_layout.php): Failed to open stream: No such file or directory in D:\\\xd1\x88\xd0\xb0\xd0\xb3\\PHP\\VS_CODE\\HW_PHP\\access_manager.php on line 18
[Fri Feb 09 20:19:51.758140 2024] [php:warn] [pid 9692:tid 1896] [client ::1:50407] PHP Warning:  include(): Failed opening '_layout.php' for inclusion (include_path='C:\\xampp\\php\\PEAR') in D:\\\xd1\x88\xd0\xb0\xd0\xb3\\PHP\\VS_CODE\\HW_PHP\\access_manager.php on line 18
[Fri Feb 09 20:39:35.683972 2024] [php:warn] [pid 9692:tid 1892] [client ::1:50453] PHP Warning:  include(_layout.php): Failed to open stream: No such file or directory in D:\\\xd1\x88\xd0\xb0\xd0\xb3\\PHP\\VS_CODE\\HW_PHP\\access_manager.php on line 18
[Fri Feb 09 20:39:35.684970 2024] [php:warn] [pid 9692:tid 1892] [client ::1:50453] PHP Warning:  include(): Failed opening '_layout.php' for inclusion (include_path='C:\\xampp\\php\\PEAR') in D:\\\xd1\x88\xd0\xb0\xd0\xb3\\PHP\\VS_CODE\\HW_PHP\\access_manager.php on line 18
[Thu Feb 15 22:13:29.689370 2024] [php:warn] [pid 7064:tid 1880] [client ::1:51926] PHP Warning:  include(dbconnect.php): Failed to open stream: No such file or directory in D:\\\xd1\x88\xd0\xb0\xd0\xb3\\PHP\\VS_CODE\\HW_PHP\\db.php on line 30, referer: http://spd-111_hw_php.loc/db
[Thu Feb 15 22:13:29.691369 2024] [php:warn] [pid 7064:tid 1880] [client ::1:51926] PHP Warning:  include(): Failed opening 'dbconnect.php' for inclusion (include_path='C:\\xampp\\php\\PEAR') in D:\\\xd1\x88\xd0\xb0\xd0\xb3\\PHP\\VS_CODE\\HW_PHP\\db.php on line 30, referer: http://spd-111_hw_php.loc/db
[Thu Feb 15 22:13:29.691369 2024] [php:warn] [pid 7064:tid 1880] [client ::1:51926] PHP Warning:  Undefined array key "username" in D:\\\xd1\x88\xd0\xb0\xd0\xb3\\PHP\\VS_CODE\\HW_PHP\\db.php on line 32, referer: http://spd-111_hw_php.loc/db
[Thu Feb 15 22:13:29.691369 2024] [php:warn] [pid 7064:tid 1880] [client ::1:51926] PHP Warning:  Undefined array key "password" in D:\\\xd1\x88\xd0\xb0\xd0\xb3\\PHP\\VS_CODE\\HW_PHP\\db.php on line 33, referer: http://spd-111_hw_php.loc/db
[Thu Feb 15 22:13:29.692369 2024] [php:warn] [pid 7064:tid 1880] [client ::1:51926] PHP Warning:  Undefined array key "cpassword" in D:\\\xd1\x88\xd0\xb0\xd0\xb3\\PHP\\VS_CODE\\HW_PHP\\db.php on line 34, referer: http://spd-111_hw_php.loc/db
[Thu Feb 15 22:13:29.692369 2024] [php:warn] [pid 7064:tid 1880] [client ::1:51926] PHP Warning:  Undefined variable $conn in D:\\\xd1\x88\xd0\xb0\xd0\xb3\\PHP\\VS_CODE\\HW_PHP\\db.php on line 39, referer: http://spd-111_hw_php.loc/db
[Thu Feb 15 22:13:29.693369 2024] [php:error] [pid 7064:tid 1880] [client ::1:51926] PHP Fatal error:  Uncaught TypeError: mysqli_query(): Argument #1 ($mysql) must be of type mysqli, null given in D:\\\xd1\x88\xd0\xb0\xd0\xb3\\PHP\\VS_CODE\\HW_PHP\\db.php:39\nStack trace:\n#0 D:\\\xd1\x88\xd0\xb0\xd0\xb3\\PHP\\VS_CODE\\HW_PHP\\db.php(39): mysqli_query(NULL, 'Select * from u...')\n#1 D:\\\xd1\x88\xd0\xb0\xd0\xb3\\PHP\\VS_CODE\\HW_PHP\\_layout.php(37): include('D:\\\\\\xD1\\x88\\xD0\\xB0\\xD0\\xB3\\\\PHP\\\\V...')\n#2 D:\\\xd1\x88\xd0\xb0\xd0\xb3\\PHP\\VS_CODE\\HW_PHP\\access_manager.php(59): include('D:\\\\\\xD1\\x88\\xD0\\xB0\\xD0\\xB3\\\\PHP\\\\V...')\n#3 {main}\n  thrown in D:\\\xd1\x88\xd0\xb0\xd0\xb3\\PHP\\VS_CODE\\HW_PHP\\db.php on line 39, referer: http://spd-111_hw_php.loc/db
[Sat Feb 17 12:31:44.805151 2024] [php:error] [pid 6704:tid 1884] [client ::1:50301] PHP Parse error:  syntax error, unexpected token ":", expecting variable in D:\\\xd1\x88\xd0\xb0\xd0\xb3\\PHP\\VS_CODE\\HW_PHP\\controllers\\TestController.php on line 55, referer: http://spd-111_hw_php.loc/api
[Sat Feb 17 12:31:50.842423 2024] [php:error] [pid 6704:tid 1884] [client ::1:50303] PHP Parse error:  syntax error, unexpected token ":", expecting variable in D:\\\xd1\x88\xd0\xb0\xd0\xb3\\PHP\\VS_CODE\\HW_PHP\\controllers\\TestController.php on line 55, referer: http://spd-111_hw_php.loc/api
[Sun Feb 18 14:21:35.368443 2024] [php:error] [pid 8996:tid 1896] [client ::1:50051] PHP Parse error:  syntax error, unexpected token ":", expecting variable in D:\\\xd1\x88\xd0\xb0\xd0\xb3\\PHP\\VS_CODE\\HW_PHP\\controllers\\TestController.php on line 56, referer: http://spd-111_hw_php.loc/api
